<?xml version="1.0" encoding="UTF-8"?>
<testng-results ignored="0" total="2" passed="2" failed="0" skipped="0">
  <reporter-output>
  </reporter-output>
  <suite started-at="2023-06-07T23:00:47 IST" name="Default suite" finished-at="2023-06-07T23:01:57 IST" duration-ms="69656">
    <groups>
      <group name="cucumber">
        <method signature="AbstractTestNGCucumberTests.runScenario(io.cucumber.testng.PickleWrapper,io.cucumber.testng.FeatureWrapper)[pri:0, instance:testrunner.LoginPage_Excel_TestRunner@33bc72d1]" name="runScenario" class="io.cucumber.testng.AbstractTestNGCucumberTests"/>
      </group> <!-- cucumber -->
    </groups>
    <test started-at="2023-06-07T23:00:47 IST" name="Default test" finished-at="2023-06-07T23:01:57 IST" duration-ms="69656">
      <class name="testrunner.LoginPage_Excel_TestRunner">
        <test-method is-config="true" signature="setUpClass(org.testng.ITestContext)[pri:0, instance:testrunner.LoginPage_Excel_TestRunner@33bc72d1]" started-at="2023-06-07T23:00:47 IST" name="setUpClass" finished-at="2023-06-07T23:00:49 IST" duration-ms="1187" status="PASS">
          <params>
            <param index="0">
              <value>
                <![CDATA[org.testng.TestRunner@120df990]]>
              </value>
            </param>
          </params>
          <reporter-output>
          </reporter-output>
        </test-method> <!-- setUpClass -->
        <test-method signature="runScenario(io.cucumber.testng.PickleWrapper,io.cucumber.testng.FeatureWrapper)[pri:0, instance:testrunner.LoginPage_Excel_TestRunner@33bc72d1]" started-at="2023-06-07T23:00:49 IST" name="runScenario" description="Runs Cucumber Scenarios" data-provider="scenarios" finished-at="2023-06-07T23:01:20 IST" duration-ms="31248" status="PASS">
          <params>
            <param index="0">
              <value>
                <![CDATA["Verify MagicBricksApp login functionality with invalid emailid"]]>
              </value>
            </param>
            <param index="1">
              <value>
                <![CDATA["login2"]]>
              </value>
            </param>
          </params>
          <reporter-output>
          </reporter-output>
        </test-method> <!-- runScenario -->
        <test-method signature="runScenario(io.cucumber.testng.PickleWrapper,io.cucumber.testng.FeatureWrapper)[pri:0, instance:testrunner.LoginPage_Excel_TestRunner@33bc72d1]" started-at="2023-06-07T23:01:20 IST" name="runScenario" description="Runs Cucumber Scenarios" data-provider="scenarios" finished-at="2023-06-07T23:01:57 IST" duration-ms="37021" status="PASS">
          <params>
            <param index="0">
              <value>
                <![CDATA["Verify MagicBricksApp login functionality with invalid emailid"]]>
              </value>
            </param>
            <param index="1">
              <value>
                <![CDATA["login2"]]>
              </value>
            </param>
          </params>
          <reporter-output>
          </reporter-output>
        </test-method> <!-- runScenario -->
        <test-method is-config="true" signature="tearDownClass()[pri:0, instance:testrunner.LoginPage_Excel_TestRunner@33bc72d1]" started-at="2023-06-07T23:01:57 IST" name="tearDownClass" finished-at="2023-06-07T23:01:57 IST" duration-ms="105" status="PASS">
          <reporter-output>
          </reporter-output>
        </test-method> <!-- tearDownClass -->
      </class> <!-- testrunner.LoginPage_Excel_TestRunner -->
    </test> <!-- Default test -->
  </suite> <!-- Default suite -->
</testng-results>
